[debug] [2021-02-27T19:06:11.156Z] ----------------------------------------------------------------------
[debug] [2021-02-27T19:06:11.157Z] Command:       /usr/local/bin/firebase /Users/joshuageisler/.cache/firebase/tools/lib/node_modules/firebase-tools/lib/bin/firebase emulators:start --only functions
[debug] [2021-02-27T19:06:11.157Z] CLI Version:   9.4.0
[debug] [2021-02-27T19:06:11.157Z] Platform:      darwin
[debug] [2021-02-27T19:06:11.157Z] Node Version:  v12.18.1
[debug] [2021-02-27T19:06:11.158Z] Time:          Sat Feb 27 2021 14:06:11 GMT-0500 (Eastern Standard Time)
[debug] [2021-02-27T19:06:11.158Z] ----------------------------------------------------------------------
[debug] [2021-02-27T19:06:11.158Z] 
[debug] [2021-02-27T19:06:11.164Z] > command requires scopes: ["email","openid","https://www.googleapis.com/auth/cloudplatformprojects.readonly","https://www.googleapis.com/auth/firebase","https://www.googleapis.com/auth/cloud-platform"]
[debug] [2021-02-27T19:06:11.165Z] > authorizing via signed-in user
[info] i  emulators: Starting emulators: functions {"metadata":{"emulator":{"name":"hub"},"message":"Starting emulators: functions"}}
[debug] [2021-02-27T19:06:11.174Z] [hub] writing locator at /var/folders/fc/p9lzdhq50y7834bqn38rvtyh0000gn/T/hub-brm-live-portal.json
[warn] ⚠  functions: The following emulators are not running, calls to these services from the Functions emulator will affect production: auth, firestore, database, hosting, pubsub {"metadata":{"emulator":{"name":"functions"},"message":"The following emulators are not running, calls to these services from the Functions emulator will affect production: \u001b[1mauth, firestore, database, hosting, pubsub\u001b[22m"}}
[info] ✔  functions: Using node@12 from host. {"metadata":{"emulator":{"name":"functions"},"message":"Using node@12 from host."}}
[debug] [2021-02-27T19:06:11.187Z] defaultcredentials: writing to file /Users/joshuageisler/.config/firebase/joshuageisler_gmail_com_application_default_credentials.json
[debug] [2021-02-27T19:06:11.188Z] Setting GAC to /Users/joshuageisler/.config/firebase/joshuageisler_gmail_com_application_default_credentials.json {"metadata":{"emulator":{"name":"functions"},"message":"Setting GAC to /Users/joshuageisler/.config/firebase/joshuageisler_gmail_com_application_default_credentials.json"}}
[debug] [2021-02-27T19:06:11.189Z] > refreshing access token with scopes: []
[debug] [2021-02-27T19:06:11.190Z] >>> HTTP REQUEST POST https://www.googleapis.com/oauth2/v3/token  
 <request body omitted>
[debug] [2021-02-27T19:06:11.355Z] <<< HTTP RESPONSE 200 {"cache-control":"no-cache, no-store, max-age=0, must-revalidate","pragma":"no-cache","expires":"Mon, 01 Jan 1990 00:00:00 GMT","date":"Sat, 27 Feb 2021 19:06:11 GMT","content-type":"application/json; charset=utf-8","vary":"X-Origin, Referer, Origin,Accept-Encoding","server":"scaffolding on HTTPServer2","x-xss-protection":"0","x-frame-options":"SAMEORIGIN","x-content-type-options":"nosniff","alt-svc":"h3-29=\":443\"; ma=2592000,h3-T051=\":443\"; ma=2592000,h3-Q050=\":443\"; ma=2592000,h3-Q046=\":443\"; ma=2592000,h3-Q043=\":443\"; ma=2592000,quic=\":443\"; ma=2592000; v=\"46,43\"","accept-ranges":"none","transfer-encoding":"chunked"}
[debug] [2021-02-27T19:06:11.369Z] >>> [apiv2][query] GET https://firebase.googleapis.com/v1beta1/projects/brm-live-portal/adminSdkConfig [none]
[debug] [2021-02-27T19:06:11.710Z] <<< [apiv2][status] GET https://firebase.googleapis.com/v1beta1/projects/brm-live-portal/adminSdkConfig 200
[debug] [2021-02-27T19:06:11.710Z] <<< [apiv2][body] GET https://firebase.googleapis.com/v1beta1/projects/brm-live-portal/adminSdkConfig {"projectId":"brm-live-portal","storageBucket":"brm-live-portal.appspot.com","locationId":"us-central"}
[debug] [2021-02-27T19:06:11.729Z] Ignoring unsupported arg: auto_download {"metadata":{"emulator":{"name":"ui"},"message":"Ignoring unsupported arg: auto_download"}}
[debug] [2021-02-27T19:06:11.729Z] Ignoring unsupported arg: port {"metadata":{"emulator":{"name":"ui"},"message":"Ignoring unsupported arg: port"}}
[debug] [2021-02-27T19:06:11.729Z] Starting Emulator UI with command {"binary":"node","args":["/Users/joshuageisler/.cache/firebase/emulators/ui-v1.4.1/server.bundle.js"],"optionalArgs":[],"joinArgs":false} {"metadata":{"emulator":{"name":"ui"},"message":"Starting Emulator UI with command {\"binary\":\"node\",\"args\":[\"/Users/joshuageisler/.cache/firebase/emulators/ui-v1.4.1/server.bundle.js\"],\"optionalArgs\":[],\"joinArgs\":false}"}}
[info] i  ui: Emulator UI logging to ui-debug.log {"metadata":{"emulator":{"name":"ui"},"message":"Emulator UI logging to \u001b[1mui-debug.log\u001b[22m"}}
[debug] [2021-02-27T19:06:11.880Z] Web / API server started at http://localhost:4000
 {"metadata":{"emulator":{"name":"ui"},"message":"Web / API server started at http://localhost:4000\n"}}
[info] i  functions: Watching "/Users/joshuageisler/Documents/brm-live-portal/functions" for Cloud Functions... {"metadata":{"emulator":{"name":"functions"},"message":"Watching \"/Users/joshuageisler/Documents/brm-live-portal/functions\" for Cloud Functions..."}}
[debug] [2021-02-27T19:06:11.997Z] [worker-pool] addWorker(~diagnostic~) {"metadata":{"emulator":{"name":"functions"},"message":"[worker-pool] addWorker(~diagnostic~)"}}
[debug] [2021-02-27T19:06:11.997Z] [worker-pool] Adding worker with key ~diagnostic~, total=1 {"metadata":{"emulator":{"name":"functions"},"message":"[worker-pool] Adding worker with key ~diagnostic~, total=1"}}
[debug] [2021-02-27T19:06:11.997Z] [worker-pool] submitWork(triggerId=) {"metadata":{"emulator":{"name":"functions"},"message":"[worker-pool] submitWork(triggerId=)"}}
[debug] [2021-02-27T19:06:11.998Z] [worker-~diagnostic~-bd9e6e3f-7bab-4f13-bcd4-9d9f0dbc7e1b]: Assigning socketPath: /var/folders/fc/p9lzdhq50y7834bqn38rvtyh0000gn/T/fire_emu_91385.sock {"metadata":{"emulator":{"name":"functions"},"message":"[worker-~diagnostic~-bd9e6e3f-7bab-4f13-bcd4-9d9f0dbc7e1b]: Assigning socketPath: /var/folders/fc/p9lzdhq50y7834bqn38rvtyh0000gn/T/fire_emu_91385.sock"}}
[debug] [2021-02-27T19:06:11.998Z] [worker-~diagnostic~-bd9e6e3f-7bab-4f13-bcd4-9d9f0dbc7e1b]: BUSY {"metadata":{"emulator":{"name":"functions"},"message":"[worker-~diagnostic~-bd9e6e3f-7bab-4f13-bcd4-9d9f0dbc7e1b]: BUSY"}}
[debug] [2021-02-27T19:06:12.176Z] [runtime-status] [91385] Functions runtime initialized. {"cwd":"/Users/joshuageisler/Documents/brm-live-portal/functions","node_version":"12.18.1"} {"metadata":{"emulator":{"name":"functions"},"message":"[runtime-status] [91385] Functions runtime initialized. {\"cwd\":\"/Users/joshuageisler/Documents/brm-live-portal/functions\",\"node_version\":\"12.18.1\"}"}}
[debug] [2021-02-27T19:06:12.176Z] [runtime-status] [91385] Disabled runtime features: undefined {"metadata":{"emulator":{"name":"functions"},"message":"[runtime-status] [91385] Disabled runtime features: undefined"}}
[debug] [2021-02-27T19:06:12.178Z] [runtime-status] [91385] Resolved module firebase-admin {"declared":true,"installed":true,"version":"9.5.0","resolution":"/Users/joshuageisler/Documents/brm-live-portal/functions/node_modules/firebase-admin/lib/index.js"} {"metadata":{"emulator":{"name":"functions"},"message":"[runtime-status] [91385] Resolved module firebase-admin {\"declared\":true,\"installed\":true,\"version\":\"9.5.0\",\"resolution\":\"/Users/joshuageisler/Documents/brm-live-portal/functions/node_modules/firebase-admin/lib/index.js\"}"}}
[debug] [2021-02-27T19:06:12.180Z] [runtime-status] [91385] Resolved module firebase-functions {"declared":true,"installed":true,"version":"3.13.2","resolution":"/Users/joshuageisler/Documents/brm-live-portal/functions/node_modules/firebase-functions/lib/index.js"} {"metadata":{"emulator":{"name":"functions"},"message":"[runtime-status] [91385] Resolved module firebase-functions {\"declared\":true,\"installed\":true,\"version\":\"3.13.2\",\"resolution\":\"/Users/joshuageisler/Documents/brm-live-portal/functions/node_modules/firebase-functions/lib/index.js\"}"}}
[debug] [2021-02-27T19:06:12.181Z] [runtime-status] [91385] Found local functions config: /Users/joshuageisler/Documents/brm-live-portal/functions/.runtimeconfig.json {"metadata":{"emulator":{"name":"functions"},"message":"[runtime-status] [91385] Found local functions config: /Users/joshuageisler/Documents/brm-live-portal/functions/.runtimeconfig.json"}}
[debug] [2021-02-27T19:06:12.182Z] [runtime-status] [91385] Resolved module firebase-functions {"declared":true,"installed":true,"version":"3.13.2","resolution":"/Users/joshuageisler/Documents/brm-live-portal/functions/node_modules/firebase-functions/lib/index.js"} {"metadata":{"emulator":{"name":"functions"},"message":"[runtime-status] [91385] Resolved module firebase-functions {\"declared\":true,\"installed\":true,\"version\":\"3.13.2\",\"resolution\":\"/Users/joshuageisler/Documents/brm-live-portal/functions/node_modules/firebase-functions/lib/index.js\"}"}}
[debug] [2021-02-27T19:06:12.183Z] [runtime-status] [91385] Outgoing network have been stubbed. [{"name":"http","status":"mocked"},{"name":"http","status":"mocked"},{"name":"https","status":"mocked"},{"name":"https","status":"mocked"},{"name":"net","status":"mocked"}] {"metadata":{"emulator":{"name":"functions"},"message":"[runtime-status] [91385] Outgoing network have been stubbed. [{\"name\":\"http\",\"status\":\"mocked\"},{\"name\":\"http\",\"status\":\"mocked\"},{\"name\":\"https\",\"status\":\"mocked\"},{\"name\":\"https\",\"status\":\"mocked\"},{\"name\":\"net\",\"status\":\"mocked\"}]"}}
[debug] [2021-02-27T19:06:12.183Z] [runtime-status] [91385] Resolved module firebase-functions {"declared":true,"installed":true,"version":"3.13.2","resolution":"/Users/joshuageisler/Documents/brm-live-portal/functions/node_modules/firebase-functions/lib/index.js"} {"metadata":{"emulator":{"name":"functions"},"message":"[runtime-status] [91385] Resolved module firebase-functions {\"declared\":true,\"installed\":true,\"version\":\"3.13.2\",\"resolution\":\"/Users/joshuageisler/Documents/brm-live-portal/functions/node_modules/firebase-functions/lib/index.js\"}"}}
[debug] [2021-02-27T19:06:12.249Z] [runtime-status] [91385] Checked functions.config() {"config":{"stripe":{"devsecret":"sk_test_51BwCzFHrHWLIHCkOKlXXuEXdfmW3bNSzPs9PgDnKAYgMs78i7fMI35OOx4ZmOqC0w8NobvBhnHP7mGVRTJhLhPhT007dw8ZrW8"}}} {"metadata":{"emulator":{"name":"functions"},"message":"[runtime-status] [91385] Checked functions.config() {\"config\":{\"stripe\":{\"devsecret\":\"sk_test_51BwCzFHrHWLIHCkOKlXXuEXdfmW3bNSzPs9PgDnKAYgMs78i7fMI35OOx4ZmOqC0w8NobvBhnHP7mGVRTJhLhPhT007dw8ZrW8\"}}}"}}
[debug] [2021-02-27T19:06:12.250Z] [runtime-status] [91385] firebase-functions has been stubbed. {"functionsResolution":{"declared":true,"installed":true,"version":"3.13.2","resolution":"/Users/joshuageisler/Documents/brm-live-portal/functions/node_modules/firebase-functions/lib/index.js"}} {"metadata":{"emulator":{"name":"functions"},"message":"[runtime-status] [91385] firebase-functions has been stubbed. {\"functionsResolution\":{\"declared\":true,\"installed\":true,\"version\":\"3.13.2\",\"resolution\":\"/Users/joshuageisler/Documents/brm-live-portal/functions/node_modules/firebase-functions/lib/index.js\"}}"}}
[debug] [2021-02-27T19:06:12.250Z] [runtime-status] [91385] Resolved module firebase-functions {"declared":true,"installed":true,"version":"3.13.2","resolution":"/Users/joshuageisler/Documents/brm-live-portal/functions/node_modules/firebase-functions/lib/index.js"} {"metadata":{"emulator":{"name":"functions"},"message":"[runtime-status] [91385] Resolved module firebase-functions {\"declared\":true,\"installed\":true,\"version\":\"3.13.2\",\"resolution\":\"/Users/joshuageisler/Documents/brm-live-portal/functions/node_modules/firebase-functions/lib/index.js\"}"}}
[debug] [2021-02-27T19:06:12.251Z] [runtime-status] [91385] Resolved module firebase-admin {"declared":true,"installed":true,"version":"9.5.0","resolution":"/Users/joshuageisler/Documents/brm-live-portal/functions/node_modules/firebase-admin/lib/index.js"} {"metadata":{"emulator":{"name":"functions"},"message":"[runtime-status] [91385] Resolved module firebase-admin {\"declared\":true,\"installed\":true,\"version\":\"9.5.0\",\"resolution\":\"/Users/joshuageisler/Documents/brm-live-portal/functions/node_modules/firebase-admin/lib/index.js\"}"}}
[debug] [2021-02-27T19:06:12.251Z] [runtime-status] [91385] Resolved module firebase-functions {"declared":true,"installed":true,"version":"3.13.2","resolution":"/Users/joshuageisler/Documents/brm-live-portal/functions/node_modules/firebase-functions/lib/index.js"} {"metadata":{"emulator":{"name":"functions"},"message":"[runtime-status] [91385] Resolved module firebase-functions {\"declared\":true,\"installed\":true,\"version\":\"3.13.2\",\"resolution\":\"/Users/joshuageisler/Documents/brm-live-portal/functions/node_modules/firebase-functions/lib/index.js\"}"}}
[debug] [2021-02-27T19:06:12.251Z] [runtime-status] [91385] firebase-admin has been stubbed. {"adminResolution":{"declared":true,"installed":true,"version":"9.5.0","resolution":"/Users/joshuageisler/Documents/brm-live-portal/functions/node_modules/firebase-admin/lib/index.js"}} {"metadata":{"emulator":{"name":"functions"},"message":"[runtime-status] [91385] firebase-admin has been stubbed. {\"adminResolution\":{\"declared\":true,\"installed\":true,\"version\":\"9.5.0\",\"resolution\":\"/Users/joshuageisler/Documents/brm-live-portal/functions/node_modules/firebase-admin/lib/index.js\"}}"}}
[debug] [2021-02-27T19:06:12.253Z] [runtime-status] [91385] initializeApp(DEFAULT) {"storageBucket":"brm-live-portal.appspot.com","projectId":"brm-live-portal"} {"metadata":{"emulator":{"name":"functions"},"message":"[runtime-status] [91385] initializeApp(DEFAULT) {\"storageBucket\":\"brm-live-portal.appspot.com\",\"projectId\":\"brm-live-portal\"}"}}
[info] ✔  functions[api]: http function initialized (http://localhost:5001/brm-live-portal/us-central1/api). {"metadata":{"emulator":{"name":"functions"},"message":"\u001b[1mhttp\u001b[22m function initialized (http://localhost:5001/brm-live-portal/us-central1/api)."}}
[info] ✔  functions[paymentIntent]: http function initialized (http://localhost:5001/brm-live-portal/us-central1/paymentIntent). {"metadata":{"emulator":{"name":"functions"},"message":"\u001b[1mhttp\u001b[22m function initialized (http://localhost:5001/brm-live-portal/us-central1/paymentIntent)."}}
[info] 
┌─────────────────────────────────────────────────────────────┐
│ ✔  All emulators ready! It is now safe to connect your app. │
│ i  View Emulator UI at http://localhost:4000                │
└─────────────────────────────────────────────────────────────┘

┌───────────┬────────────────┬─────────────────────────────────┐
│ Emulator  │ Host:Port      │ View in Emulator UI             │
├───────────┼────────────────┼─────────────────────────────────┤
│ Functions │ localhost:5001 │ http://localhost:4000/functions │
└───────────┴────────────────┴─────────────────────────────────┘
  Emulator Hub running at localhost:4400
  Other reserved ports: 4500

Issues? Report them at https://github.com/firebase/firebase-tools/issues and attach the *-debug.log files.
 
[debug] [2021-02-27T19:06:12.467Z] [worker-~diagnostic~-bd9e6e3f-7bab-4f13-bcd4-9d9f0dbc7e1b]: IDLE {"metadata":{"emulator":{"name":"functions"},"message":"[worker-~diagnostic~-bd9e6e3f-7bab-4f13-bcd4-9d9f0dbc7e1b]: IDLE"}}
[debug] [2021-02-27T19:06:47.139Z] [work-queue] {"queueLength":1,"workRunningCount":0}
[debug] [2021-02-27T19:06:47.139Z] [work-queue] {"queueLength":0,"workRunningCount":1}
[debug] [2021-02-27T19:06:47.140Z] Accepted request POST /brm-live-portal/us-central1/api/dbtest --> api
[debug] [2021-02-27T19:06:47.145Z] [worker-pool] addWorker(api) {"metadata":{"emulator":{"name":"functions"},"message":"[worker-pool] addWorker(api)"}}
[debug] [2021-02-27T19:06:47.146Z] [worker-pool] Adding worker with key api, total=1 {"metadata":{"emulator":{"name":"functions"},"message":"[worker-pool] Adding worker with key api, total=1"}}
[debug] [2021-02-27T19:06:47.146Z] [worker-pool] submitWork(triggerId=api) {"metadata":{"emulator":{"name":"functions"},"message":"[worker-pool] submitWork(triggerId=api)"}}
[debug] [2021-02-27T19:06:47.146Z] [worker-api-d45979ee-bf75-4bf6-a69d-4c83efe29144]: Assigning socketPath: /var/folders/fc/p9lzdhq50y7834bqn38rvtyh0000gn/T/fire_emu_91403.sock {"metadata":{"emulator":{"name":"functions"},"message":"[worker-api-d45979ee-bf75-4bf6-a69d-4c83efe29144]: Assigning socketPath: /var/folders/fc/p9lzdhq50y7834bqn38rvtyh0000gn/T/fire_emu_91403.sock"}}
[debug] [2021-02-27T19:06:47.146Z] [worker-api-d45979ee-bf75-4bf6-a69d-4c83efe29144]: BUSY {"metadata":{"emulator":{"name":"functions"},"message":"[worker-api-d45979ee-bf75-4bf6-a69d-4c83efe29144]: BUSY"}}
[debug] [2021-02-27T19:06:47.346Z] [runtime-status] [91403] Functions runtime initialized. {"cwd":"/Users/joshuageisler/Documents/brm-live-portal/functions","node_version":"12.18.1"} {"metadata":{"emulator":{"name":"functions"},"function":{"name":"api"},"message":"[runtime-status] [91403] Functions runtime initialized. {\"cwd\":\"/Users/joshuageisler/Documents/brm-live-portal/functions\",\"node_version\":\"12.18.1\"}"}}
[debug] [2021-02-27T19:06:47.348Z] [runtime-status] [91403] Disabled runtime features: undefined {"metadata":{"emulator":{"name":"functions"},"function":{"name":"api"},"message":"[runtime-status] [91403] Disabled runtime features: undefined"}}
[debug] [2021-02-27T19:06:47.350Z] [runtime-status] [91403] Resolved module firebase-admin {"declared":true,"installed":true,"version":"9.5.0","resolution":"/Users/joshuageisler/Documents/brm-live-portal/functions/node_modules/firebase-admin/lib/index.js"} {"metadata":{"emulator":{"name":"functions"},"function":{"name":"api"},"message":"[runtime-status] [91403] Resolved module firebase-admin {\"declared\":true,\"installed\":true,\"version\":\"9.5.0\",\"resolution\":\"/Users/joshuageisler/Documents/brm-live-portal/functions/node_modules/firebase-admin/lib/index.js\"}"}}
[debug] [2021-02-27T19:06:47.351Z] [runtime-status] [91403] Resolved module firebase-functions {"declared":true,"installed":true,"version":"3.13.2","resolution":"/Users/joshuageisler/Documents/brm-live-portal/functions/node_modules/firebase-functions/lib/index.js"} {"metadata":{"emulator":{"name":"functions"},"function":{"name":"api"},"message":"[runtime-status] [91403] Resolved module firebase-functions {\"declared\":true,\"installed\":true,\"version\":\"3.13.2\",\"resolution\":\"/Users/joshuageisler/Documents/brm-live-portal/functions/node_modules/firebase-functions/lib/index.js\"}"}}
[debug] [2021-02-27T19:06:47.351Z] [runtime-status] [91403] Found local functions config: /Users/joshuageisler/Documents/brm-live-portal/functions/.runtimeconfig.json {"metadata":{"emulator":{"name":"functions"},"function":{"name":"api"},"message":"[runtime-status] [91403] Found local functions config: /Users/joshuageisler/Documents/brm-live-portal/functions/.runtimeconfig.json"}}
[debug] [2021-02-27T19:06:47.352Z] [runtime-status] [91403] Resolved module firebase-functions {"declared":true,"installed":true,"version":"3.13.2","resolution":"/Users/joshuageisler/Documents/brm-live-portal/functions/node_modules/firebase-functions/lib/index.js"} {"metadata":{"emulator":{"name":"functions"},"function":{"name":"api"},"message":"[runtime-status] [91403] Resolved module firebase-functions {\"declared\":true,\"installed\":true,\"version\":\"3.13.2\",\"resolution\":\"/Users/joshuageisler/Documents/brm-live-portal/functions/node_modules/firebase-functions/lib/index.js\"}"}}
[debug] [2021-02-27T19:06:47.353Z] [runtime-status] [91403] Outgoing network have been stubbed. [{"name":"http","status":"mocked"},{"name":"http","status":"mocked"},{"name":"https","status":"mocked"},{"name":"https","status":"mocked"},{"name":"net","status":"mocked"}] {"metadata":{"emulator":{"name":"functions"},"function":{"name":"api"},"message":"[runtime-status] [91403] Outgoing network have been stubbed. [{\"name\":\"http\",\"status\":\"mocked\"},{\"name\":\"http\",\"status\":\"mocked\"},{\"name\":\"https\",\"status\":\"mocked\"},{\"name\":\"https\",\"status\":\"mocked\"},{\"name\":\"net\",\"status\":\"mocked\"}]"}}
[debug] [2021-02-27T19:06:47.354Z] [runtime-status] [91403] Resolved module firebase-functions {"declared":true,"installed":true,"version":"3.13.2","resolution":"/Users/joshuageisler/Documents/brm-live-portal/functions/node_modules/firebase-functions/lib/index.js"} {"metadata":{"emulator":{"name":"functions"},"function":{"name":"api"},"message":"[runtime-status] [91403] Resolved module firebase-functions {\"declared\":true,\"installed\":true,\"version\":\"3.13.2\",\"resolution\":\"/Users/joshuageisler/Documents/brm-live-portal/functions/node_modules/firebase-functions/lib/index.js\"}"}}
[debug] [2021-02-27T19:06:47.386Z] [runtime-status] [91403] Checked functions.config() {"config":{"stripe":{"devsecret":"sk_test_51BwCzFHrHWLIHCkOKlXXuEXdfmW3bNSzPs9PgDnKAYgMs78i7fMI35OOx4ZmOqC0w8NobvBhnHP7mGVRTJhLhPhT007dw8ZrW8"}}} {"metadata":{"emulator":{"name":"functions"},"function":{"name":"api"},"message":"[runtime-status] [91403] Checked functions.config() {\"config\":{\"stripe\":{\"devsecret\":\"sk_test_51BwCzFHrHWLIHCkOKlXXuEXdfmW3bNSzPs9PgDnKAYgMs78i7fMI35OOx4ZmOqC0w8NobvBhnHP7mGVRTJhLhPhT007dw8ZrW8\"}}}"}}
[debug] [2021-02-27T19:06:47.386Z] [runtime-status] [91403] firebase-functions has been stubbed. {"functionsResolution":{"declared":true,"installed":true,"version":"3.13.2","resolution":"/Users/joshuageisler/Documents/brm-live-portal/functions/node_modules/firebase-functions/lib/index.js"}} {"metadata":{"emulator":{"name":"functions"},"function":{"name":"api"},"message":"[runtime-status] [91403] firebase-functions has been stubbed. {\"functionsResolution\":{\"declared\":true,\"installed\":true,\"version\":\"3.13.2\",\"resolution\":\"/Users/joshuageisler/Documents/brm-live-portal/functions/node_modules/firebase-functions/lib/index.js\"}}"}}
[debug] [2021-02-27T19:06:47.386Z] [runtime-status] [91403] Resolved module firebase-functions {"declared":true,"installed":true,"version":"3.13.2","resolution":"/Users/joshuageisler/Documents/brm-live-portal/functions/node_modules/firebase-functions/lib/index.js"} {"metadata":{"emulator":{"name":"functions"},"function":{"name":"api"},"message":"[runtime-status] [91403] Resolved module firebase-functions {\"declared\":true,\"installed\":true,\"version\":\"3.13.2\",\"resolution\":\"/Users/joshuageisler/Documents/brm-live-portal/functions/node_modules/firebase-functions/lib/index.js\"}"}}
[debug] [2021-02-27T19:06:47.387Z] [runtime-status] [91403] Resolved module firebase-admin {"declared":true,"installed":true,"version":"9.5.0","resolution":"/Users/joshuageisler/Documents/brm-live-portal/functions/node_modules/firebase-admin/lib/index.js"} {"metadata":{"emulator":{"name":"functions"},"function":{"name":"api"},"message":"[runtime-status] [91403] Resolved module firebase-admin {\"declared\":true,\"installed\":true,\"version\":\"9.5.0\",\"resolution\":\"/Users/joshuageisler/Documents/brm-live-portal/functions/node_modules/firebase-admin/lib/index.js\"}"}}
[debug] [2021-02-27T19:06:47.387Z] [runtime-status] [91403] Resolved module firebase-functions {"declared":true,"installed":true,"version":"3.13.2","resolution":"/Users/joshuageisler/Documents/brm-live-portal/functions/node_modules/firebase-functions/lib/index.js"} {"metadata":{"emulator":{"name":"functions"},"function":{"name":"api"},"message":"[runtime-status] [91403] Resolved module firebase-functions {\"declared\":true,\"installed\":true,\"version\":\"3.13.2\",\"resolution\":\"/Users/joshuageisler/Documents/brm-live-portal/functions/node_modules/firebase-functions/lib/index.js\"}"}}
[debug] [2021-02-27T19:06:47.387Z] [runtime-status] [91403] firebase-admin has been stubbed. {"adminResolution":{"declared":true,"installed":true,"version":"9.5.0","resolution":"/Users/joshuageisler/Documents/brm-live-portal/functions/node_modules/firebase-admin/lib/index.js"}} {"metadata":{"emulator":{"name":"functions"},"function":{"name":"api"},"message":"[runtime-status] [91403] firebase-admin has been stubbed. {\"adminResolution\":{\"declared\":true,\"installed\":true,\"version\":\"9.5.0\",\"resolution\":\"/Users/joshuageisler/Documents/brm-live-portal/functions/node_modules/firebase-admin/lib/index.js\"}}"}}
[debug] [2021-02-27T19:06:47.389Z] [runtime-status] [91403] initializeApp(DEFAULT) {"storageBucket":"brm-live-portal.appspot.com","projectId":"brm-live-portal"} {"metadata":{"emulator":{"name":"functions"},"function":{"name":"api"},"message":"[runtime-status] [91403] initializeApp(DEFAULT) {\"storageBucket\":\"brm-live-portal.appspot.com\",\"projectId\":\"brm-live-portal\"}"}}
[debug] [2021-02-27T19:06:47.474Z] [runtime-status] [91403] Trigger "api" has been found, beginning invocation! {"metadata":{"emulator":{"name":"functions"},"function":{"name":"api"},"message":"[runtime-status] [91403] Trigger \"api\" has been found, beginning invocation!"}}
[info] i  functions: Beginning execution of "api" {"metadata":{"emulator":{"name":"functions"},"function":{"name":"api"},"message":"Beginning execution of \"api\""}}
[debug] [2021-02-27T19:06:47.475Z] [runtime-status] [91403] triggerDefinition {"httpsTrigger":{},"name":"api","entryPoint":"api"} {"metadata":{"emulator":{"name":"functions"},"function":{"name":"api"},"message":"[runtime-status] [91403] triggerDefinition {\"httpsTrigger\":{},\"name\":\"api\",\"entryPoint\":\"api\"}"}}
[debug] [2021-02-27T19:06:47.475Z] [runtime-status] [91403] Running api in mode HTTPS {"metadata":{"emulator":{"name":"functions"},"function":{"name":"api"},"message":"[runtime-status] [91403] Running api in mode HTTPS"}}
[debug] [2021-02-27T19:06:47.477Z] [runtime-status] [91403] Attempting to listen to socketPath: /var/folders/fc/p9lzdhq50y7834bqn38rvtyh0000gn/T/fire_emu_91403.sock {"metadata":{"emulator":{"name":"functions"},"function":{"name":"api"},"message":"[runtime-status] [91403] Attempting to listen to socketPath: /var/folders/fc/p9lzdhq50y7834bqn38rvtyh0000gn/T/fire_emu_91403.sock"}}
[debug] [2021-02-27T19:06:47.479Z] [functions] Runtime ready! Sending request! {"metadata":{"emulator":{"name":"functions"},"message":"[functions] Runtime ready! Sending request!"}}
[debug] [2021-02-27T19:06:47.479Z] [functions] Got req.url=/brm-live-portal/us-central1/api/dbtest, mapping to path=/dbtest {"metadata":{"emulator":{"name":"functions"},"message":"[functions] Got req.url=/brm-live-portal/us-central1/api/dbtest, mapping to path=/dbtest"}}
[debug] [2021-02-27T19:06:47.495Z] [runtime-status] [91403] Ephemeral server handling POST request {"metadata":{"emulator":{"name":"functions"},"function":{"name":"api"},"message":"[runtime-status] [91403] Ephemeral server handling POST request"}}
[debug] [2021-02-27T19:06:47.499Z] [runtime-status] [91403] Ephemeral server survived. {"metadata":{"emulator":{"name":"functions"},"function":{"name":"api"},"message":"[runtime-status] [91403] Ephemeral server survived."}}
[info] i  functions: Finished "api" in ~1s {"metadata":{"emulator":{"name":"functions"},"function":{"name":"api"},"message":"Finished \"api\" in ~1s"}}
[debug] [2021-02-27T19:06:47.500Z] [worker-api-d45979ee-bf75-4bf6-a69d-4c83efe29144]: IDLE {"metadata":{"emulator":{"name":"functions"},"message":"[worker-api-d45979ee-bf75-4bf6-a69d-4c83efe29144]: IDLE"}}
[debug] [2021-02-27T19:06:47.500Z] [work-queue] {"queueLength":0,"workRunningCount":0}
[debug] [2021-02-27T19:06:59.213Z] [work-queue] {"queueLength":1,"workRunningCount":0}
[debug] [2021-02-27T19:06:59.213Z] [work-queue] {"queueLength":0,"workRunningCount":1}
[debug] [2021-02-27T19:06:59.213Z] Accepted request POST /brm-live-portal/us-central1/api/dbtest --> api
[debug] [2021-02-27T19:06:59.213Z] [worker-pool] submitWork(triggerId=api) {"metadata":{"emulator":{"name":"functions"},"message":"[worker-pool] submitWork(triggerId=api)"}}
[debug] [2021-02-27T19:06:59.213Z] [worker-api-d45979ee-bf75-4bf6-a69d-4c83efe29144]: Assigning socketPath: /var/folders/fc/p9lzdhq50y7834bqn38rvtyh0000gn/T/fire_emu_91403.sock {"metadata":{"emulator":{"name":"functions"},"message":"[worker-api-d45979ee-bf75-4bf6-a69d-4c83efe29144]: Assigning socketPath: /var/folders/fc/p9lzdhq50y7834bqn38rvtyh0000gn/T/fire_emu_91403.sock"}}
[debug] [2021-02-27T19:06:59.214Z] [worker-api-d45979ee-bf75-4bf6-a69d-4c83efe29144]: BUSY {"metadata":{"emulator":{"name":"functions"},"message":"[worker-api-d45979ee-bf75-4bf6-a69d-4c83efe29144]: BUSY"}}
[debug] [2021-02-27T19:06:59.214Z] [runtime-status] [91403] Trigger "api" has been found, beginning invocation! {"metadata":{"emulator":{"name":"functions"},"function":{"name":"api"},"message":"[runtime-status] [91403] Trigger \"api\" has been found, beginning invocation!"}}
[info] i  functions: Beginning execution of "api" {"metadata":{"emulator":{"name":"functions"},"function":{"name":"api"},"message":"Beginning execution of \"api\""}}
[debug] [2021-02-27T19:06:59.215Z] [runtime-status] [91403] triggerDefinition {"httpsTrigger":{},"name":"api","entryPoint":"api"} {"metadata":{"emulator":{"name":"functions"},"function":{"name":"api"},"message":"[runtime-status] [91403] triggerDefinition {\"httpsTrigger\":{},\"name\":\"api\",\"entryPoint\":\"api\"}"}}
[debug] [2021-02-27T19:06:59.215Z] [runtime-status] [91403] Running api in mode HTTPS {"metadata":{"emulator":{"name":"functions"},"function":{"name":"api"},"message":"[runtime-status] [91403] Running api in mode HTTPS"}}
[debug] [2021-02-27T19:06:59.215Z] [runtime-status] [91403] Attempting to listen to socketPath: /var/folders/fc/p9lzdhq50y7834bqn38rvtyh0000gn/T/fire_emu_91403.sock {"metadata":{"emulator":{"name":"functions"},"function":{"name":"api"},"message":"[runtime-status] [91403] Attempting to listen to socketPath: /var/folders/fc/p9lzdhq50y7834bqn38rvtyh0000gn/T/fire_emu_91403.sock"}}
[debug] [2021-02-27T19:06:59.216Z] [functions] Runtime ready! Sending request! {"metadata":{"emulator":{"name":"functions"},"message":"[functions] Runtime ready! Sending request!"}}
[debug] [2021-02-27T19:06:59.216Z] [functions] Got req.url=/brm-live-portal/us-central1/api/dbtest, mapping to path=/dbtest {"metadata":{"emulator":{"name":"functions"},"message":"[functions] Got req.url=/brm-live-portal/us-central1/api/dbtest, mapping to path=/dbtest"}}
[debug] [2021-02-27T19:06:59.217Z] [runtime-status] [91403] Ephemeral server handling POST request {"metadata":{"emulator":{"name":"functions"},"function":{"name":"api"},"message":"[runtime-status] [91403] Ephemeral server handling POST request"}}
[warn] ⚠  functions: The Cloud Firestore emulator is not running, so calls to Firestore will affect production. {"metadata":{"emulator":{"name":"functions"},"function":{"name":"api"},"message":"The Cloud Firestore emulator is not running, so calls to Firestore will affect production."}}
[debug] [2021-02-27T19:06:59.327Z] [work-queue] {"queueLength":1,"workRunningCount":1}
[debug] [2021-02-27T19:06:59.327Z] [work-queue] {"queueLength":0,"workRunningCount":2}
[debug] [2021-02-27T19:06:59.327Z] Accepted request POST /brm-live-portal/us-central1/api/dbtest --> api
[debug] [2021-02-27T19:06:59.331Z] [worker-pool] addWorker(api) {"metadata":{"emulator":{"name":"functions"},"message":"[worker-pool] addWorker(api)"}}
[debug] [2021-02-27T19:06:59.331Z] [worker-pool] Adding worker with key api, total=2 {"metadata":{"emulator":{"name":"functions"},"message":"[worker-pool] Adding worker with key api, total=2"}}
[debug] [2021-02-27T19:06:59.331Z] [worker-pool] submitWork(triggerId=api) {"metadata":{"emulator":{"name":"functions"},"message":"[worker-pool] submitWork(triggerId=api)"}}
[debug] [2021-02-27T19:06:59.331Z] [worker-api-f1bd9f90-aebb-4ba3-9b81-1b41ddc40737]: Assigning socketPath: /var/folders/fc/p9lzdhq50y7834bqn38rvtyh0000gn/T/fire_emu_91406.sock {"metadata":{"emulator":{"name":"functions"},"message":"[worker-api-f1bd9f90-aebb-4ba3-9b81-1b41ddc40737]: Assigning socketPath: /var/folders/fc/p9lzdhq50y7834bqn38rvtyh0000gn/T/fire_emu_91406.sock"}}
[debug] [2021-02-27T19:06:59.331Z] [worker-api-f1bd9f90-aebb-4ba3-9b81-1b41ddc40737]: BUSY {"metadata":{"emulator":{"name":"functions"},"message":"[worker-api-f1bd9f90-aebb-4ba3-9b81-1b41ddc40737]: BUSY"}}
[debug] [2021-02-27T19:06:59.484Z] [runtime-status] [91406] Functions runtime initialized. {"cwd":"/Users/joshuageisler/Documents/brm-live-portal/functions","node_version":"12.18.1"} {"metadata":{"emulator":{"name":"functions"},"function":{"name":"api"},"message":"[runtime-status] [91406] Functions runtime initialized. {\"cwd\":\"/Users/joshuageisler/Documents/brm-live-portal/functions\",\"node_version\":\"12.18.1\"}"}}
[debug] [2021-02-27T19:06:59.485Z] [runtime-status] [91406] Disabled runtime features: undefined {"metadata":{"emulator":{"name":"functions"},"function":{"name":"api"},"message":"[runtime-status] [91406] Disabled runtime features: undefined"}}
[debug] [2021-02-27T19:06:59.487Z] [runtime-status] [91406] Resolved module firebase-admin {"declared":true,"installed":true,"version":"9.5.0","resolution":"/Users/joshuageisler/Documents/brm-live-portal/functions/node_modules/firebase-admin/lib/index.js"} {"metadata":{"emulator":{"name":"functions"},"function":{"name":"api"},"message":"[runtime-status] [91406] Resolved module firebase-admin {\"declared\":true,\"installed\":true,\"version\":\"9.5.0\",\"resolution\":\"/Users/joshuageisler/Documents/brm-live-portal/functions/node_modules/firebase-admin/lib/index.js\"}"}}
[debug] [2021-02-27T19:06:59.488Z] [runtime-status] [91406] Resolved module firebase-functions {"declared":true,"installed":true,"version":"3.13.2","resolution":"/Users/joshuageisler/Documents/brm-live-portal/functions/node_modules/firebase-functions/lib/index.js"} {"metadata":{"emulator":{"name":"functions"},"function":{"name":"api"},"message":"[runtime-status] [91406] Resolved module firebase-functions {\"declared\":true,\"installed\":true,\"version\":\"3.13.2\",\"resolution\":\"/Users/joshuageisler/Documents/brm-live-portal/functions/node_modules/firebase-functions/lib/index.js\"}"}}
[debug] [2021-02-27T19:06:59.488Z] [runtime-status] [91406] Found local functions config: /Users/joshuageisler/Documents/brm-live-portal/functions/.runtimeconfig.json {"metadata":{"emulator":{"name":"functions"},"function":{"name":"api"},"message":"[runtime-status] [91406] Found local functions config: /Users/joshuageisler/Documents/brm-live-portal/functions/.runtimeconfig.json"}}
[debug] [2021-02-27T19:06:59.489Z] [runtime-status] [91406] Resolved module firebase-functions {"declared":true,"installed":true,"version":"3.13.2","resolution":"/Users/joshuageisler/Documents/brm-live-portal/functions/node_modules/firebase-functions/lib/index.js"} {"metadata":{"emulator":{"name":"functions"},"function":{"name":"api"},"message":"[runtime-status] [91406] Resolved module firebase-functions {\"declared\":true,\"installed\":true,\"version\":\"3.13.2\",\"resolution\":\"/Users/joshuageisler/Documents/brm-live-portal/functions/node_modules/firebase-functions/lib/index.js\"}"}}
[debug] [2021-02-27T19:06:59.490Z] [runtime-status] [91406] Outgoing network have been stubbed. [{"name":"http","status":"mocked"},{"name":"http","status":"mocked"},{"name":"https","status":"mocked"},{"name":"https","status":"mocked"},{"name":"net","status":"mocked"}] {"metadata":{"emulator":{"name":"functions"},"function":{"name":"api"},"message":"[runtime-status] [91406] Outgoing network have been stubbed. [{\"name\":\"http\",\"status\":\"mocked\"},{\"name\":\"http\",\"status\":\"mocked\"},{\"name\":\"https\",\"status\":\"mocked\"},{\"name\":\"https\",\"status\":\"mocked\"},{\"name\":\"net\",\"status\":\"mocked\"}]"}}
[debug] [2021-02-27T19:06:59.490Z] [runtime-status] [91406] Resolved module firebase-functions {"declared":true,"installed":true,"version":"3.13.2","resolution":"/Users/joshuageisler/Documents/brm-live-portal/functions/node_modules/firebase-functions/lib/index.js"} {"metadata":{"emulator":{"name":"functions"},"function":{"name":"api"},"message":"[runtime-status] [91406] Resolved module firebase-functions {\"declared\":true,\"installed\":true,\"version\":\"3.13.2\",\"resolution\":\"/Users/joshuageisler/Documents/brm-live-portal/functions/node_modules/firebase-functions/lib/index.js\"}"}}
[debug] [2021-02-27T19:06:59.516Z] [runtime-status] [91406] Checked functions.config() {"config":{"stripe":{"devsecret":"sk_test_51BwCzFHrHWLIHCkOKlXXuEXdfmW3bNSzPs9PgDnKAYgMs78i7fMI35OOx4ZmOqC0w8NobvBhnHP7mGVRTJhLhPhT007dw8ZrW8"}}} {"metadata":{"emulator":{"name":"functions"},"function":{"name":"api"},"message":"[runtime-status] [91406] Checked functions.config() {\"config\":{\"stripe\":{\"devsecret\":\"sk_test_51BwCzFHrHWLIHCkOKlXXuEXdfmW3bNSzPs9PgDnKAYgMs78i7fMI35OOx4ZmOqC0w8NobvBhnHP7mGVRTJhLhPhT007dw8ZrW8\"}}}"}}
[debug] [2021-02-27T19:06:59.516Z] [runtime-status] [91406] firebase-functions has been stubbed. {"functionsResolution":{"declared":true,"installed":true,"version":"3.13.2","resolution":"/Users/joshuageisler/Documents/brm-live-portal/functions/node_modules/firebase-functions/lib/index.js"}} {"metadata":{"emulator":{"name":"functions"},"function":{"name":"api"},"message":"[runtime-status] [91406] firebase-functions has been stubbed. {\"functionsResolution\":{\"declared\":true,\"installed\":true,\"version\":\"3.13.2\",\"resolution\":\"/Users/joshuageisler/Documents/brm-live-portal/functions/node_modules/firebase-functions/lib/index.js\"}}"}}
[debug] [2021-02-27T19:06:59.516Z] [runtime-status] [91406] Resolved module firebase-functions {"declared":true,"installed":true,"version":"3.13.2","resolution":"/Users/joshuageisler/Documents/brm-live-portal/functions/node_modules/firebase-functions/lib/index.js"} {"metadata":{"emulator":{"name":"functions"},"function":{"name":"api"},"message":"[runtime-status] [91406] Resolved module firebase-functions {\"declared\":true,\"installed\":true,\"version\":\"3.13.2\",\"resolution\":\"/Users/joshuageisler/Documents/brm-live-portal/functions/node_modules/firebase-functions/lib/index.js\"}"}}
[debug] [2021-02-27T19:06:59.517Z] [runtime-status] [91406] Resolved module firebase-admin {"declared":true,"installed":true,"version":"9.5.0","resolution":"/Users/joshuageisler/Documents/brm-live-portal/functions/node_modules/firebase-admin/lib/index.js"} {"metadata":{"emulator":{"name":"functions"},"function":{"name":"api"},"message":"[runtime-status] [91406] Resolved module firebase-admin {\"declared\":true,\"installed\":true,\"version\":\"9.5.0\",\"resolution\":\"/Users/joshuageisler/Documents/brm-live-portal/functions/node_modules/firebase-admin/lib/index.js\"}"}}
[debug] [2021-02-27T19:06:59.517Z] [runtime-status] [91406] Resolved module firebase-functions {"declared":true,"installed":true,"version":"3.13.2","resolution":"/Users/joshuageisler/Documents/brm-live-portal/functions/node_modules/firebase-functions/lib/index.js"} {"metadata":{"emulator":{"name":"functions"},"function":{"name":"api"},"message":"[runtime-status] [91406] Resolved module firebase-functions {\"declared\":true,\"installed\":true,\"version\":\"3.13.2\",\"resolution\":\"/Users/joshuageisler/Documents/brm-live-portal/functions/node_modules/firebase-functions/lib/index.js\"}"}}
[debug] [2021-02-27T19:06:59.517Z] [runtime-status] [91406] firebase-admin has been stubbed. {"adminResolution":{"declared":true,"installed":true,"version":"9.5.0","resolution":"/Users/joshuageisler/Documents/brm-live-portal/functions/node_modules/firebase-admin/lib/index.js"}} {"metadata":{"emulator":{"name":"functions"},"function":{"name":"api"},"message":"[runtime-status] [91406] firebase-admin has been stubbed. {\"adminResolution\":{\"declared\":true,\"installed\":true,\"version\":\"9.5.0\",\"resolution\":\"/Users/joshuageisler/Documents/brm-live-portal/functions/node_modules/firebase-admin/lib/index.js\"}}"}}
[debug] [2021-02-27T19:06:59.518Z] [runtime-status] [91406] initializeApp(DEFAULT) {"storageBucket":"brm-live-portal.appspot.com","projectId":"brm-live-portal"} {"metadata":{"emulator":{"name":"functions"},"function":{"name":"api"},"message":"[runtime-status] [91406] initializeApp(DEFAULT) {\"storageBucket\":\"brm-live-portal.appspot.com\",\"projectId\":\"brm-live-portal\"}"}}
[debug] [2021-02-27T19:06:59.585Z] [runtime-status] [91406] Trigger "api" has been found, beginning invocation! {"metadata":{"emulator":{"name":"functions"},"function":{"name":"api"},"message":"[runtime-status] [91406] Trigger \"api\" has been found, beginning invocation!"}}
[info] i  functions: Beginning execution of "api" {"metadata":{"emulator":{"name":"functions"},"function":{"name":"api"},"message":"Beginning execution of \"api\""}}
[debug] [2021-02-27T19:06:59.586Z] [runtime-status] [91406] triggerDefinition {"httpsTrigger":{},"name":"api","entryPoint":"api"} {"metadata":{"emulator":{"name":"functions"},"function":{"name":"api"},"message":"[runtime-status] [91406] triggerDefinition {\"httpsTrigger\":{},\"name\":\"api\",\"entryPoint\":\"api\"}"}}
[debug] [2021-02-27T19:06:59.586Z] [runtime-status] [91406] Running api in mode HTTPS {"metadata":{"emulator":{"name":"functions"},"function":{"name":"api"},"message":"[runtime-status] [91406] Running api in mode HTTPS"}}
[debug] [2021-02-27T19:06:59.588Z] [runtime-status] [91403] Ephemeral server survived. {"metadata":{"emulator":{"name":"functions"},"function":{"name":"api"},"message":"[runtime-status] [91403] Ephemeral server survived."}}
[debug] [2021-02-27T19:06:59.588Z] [runtime-status] [91406] Attempting to listen to socketPath: /var/folders/fc/p9lzdhq50y7834bqn38rvtyh0000gn/T/fire_emu_91406.sock {"metadata":{"emulator":{"name":"functions"},"function":{"name":"api"},"message":"[runtime-status] [91406] Attempting to listen to socketPath: /var/folders/fc/p9lzdhq50y7834bqn38rvtyh0000gn/T/fire_emu_91406.sock"}}
[debug] [2021-02-27T19:06:59.590Z] [functions] Runtime ready! Sending request! {"metadata":{"emulator":{"name":"functions"},"message":"[functions] Runtime ready! Sending request!"}}
[debug] [2021-02-27T19:06:59.590Z] [functions] Got req.url=/brm-live-portal/us-central1/api/dbtest, mapping to path=/dbtest {"metadata":{"emulator":{"name":"functions"},"message":"[functions] Got req.url=/brm-live-portal/us-central1/api/dbtest, mapping to path=/dbtest"}}
[debug] [2021-02-27T19:06:59.605Z] [runtime-status] [91406] Ephemeral server handling POST request {"metadata":{"emulator":{"name":"functions"},"function":{"name":"api"},"message":"[runtime-status] [91406] Ephemeral server handling POST request"}}
[debug] [2021-02-27T19:06:59.609Z] [runtime-status] [91406] Ephemeral server survived. {"metadata":{"emulator":{"name":"functions"},"function":{"name":"api"},"message":"[runtime-status] [91406] Ephemeral server survived."}}
[info] i  functions: Finished "api" in ~1s {"metadata":{"emulator":{"name":"functions"},"function":{"name":"api"},"message":"Finished \"api\" in ~1s"}}
[debug] [2021-02-27T19:06:59.610Z] [worker-api-f1bd9f90-aebb-4ba3-9b81-1b41ddc40737]: IDLE {"metadata":{"emulator":{"name":"functions"},"message":"[worker-api-f1bd9f90-aebb-4ba3-9b81-1b41ddc40737]: IDLE"}}
[debug] [2021-02-27T19:06:59.610Z] [work-queue] {"queueLength":0,"workRunningCount":1}
[warn] ⚠  Google API requested!
   - URL: "https://oauth2.googleapis.com/token"
   - Be careful, this may be a production service. {"metadata":{"emulator":{"name":"functions"},"function":{"name":"api"},"message":"Google API requested!\n   - URL: \"https://oauth2.googleapis.com/token\"\n   - Be careful, this may be a production service."}}
[info] i  functions: Finished "api" in ~1s {"metadata":{"emulator":{"name":"functions"},"function":{"name":"api"},"message":"Finished \"api\" in ~1s"}}
[debug] [2021-02-27T19:07:00.050Z] [worker-api-d45979ee-bf75-4bf6-a69d-4c83efe29144]: IDLE {"metadata":{"emulator":{"name":"functions"},"message":"[worker-api-d45979ee-bf75-4bf6-a69d-4c83efe29144]: IDLE"}}
[debug] [2021-02-27T19:07:00.050Z] [work-queue] {"queueLength":0,"workRunningCount":0}
